#
# There is insufficient memory for the Java Runtime Environment to continue.
# Native memory allocation (malloc) failed to allocate 32744 bytes for ChunkPool::allocate
# Possible reasons:
#   The system is out of physical RAM or swap space
#   In 32 bit mode, the process size limit was hit
# Possible solutions:
#   Reduce memory load on the system
#   Increase physical memory or swap space
#   Check if swap backing store is full
#   Use 64 bit Java on a 64 bit OS
#   Decrease Java heap size (-Xmx/-Xms)
#   Decrease number of Java threads
#   Decrease Java thread stack sizes (-Xss)
#   Set larger code cache with -XX:ReservedCodeCacheSize=
# This output file may be truncated or incomplete.
#
#  Out of Memory Error (allocation.cpp:222), pid=7800, tid=8436
#
# JRE version: 7.0_17-b02
# Java VM: Java HotSpot(TM) 64-Bit Server VM (23.7-b01 mixed mode windows-amd64 compressed oops)
# Failed to write core dump. Minidumps are not enabled by default on client versions of Windows
#

---------------  T H R E A D  ---------------

Current thread (0x000000000b781800):  JavaThread "C2 CompilerThread1" daemon [_thread_in_native, id=8436, stack(0x000000000c5a0000,0x000000000c6a0000)]

Stack: [0x000000000c5a0000,0x000000000c6a0000]

Current CompileTask:
C2:   2201  219             org.jacoco.agent.rt_plkeqq.asm.ClassReader::accept (5621 bytes)


---------------  P R O C E S S  ---------------

Java Threads: ( => current thread )
  0x0000000011780800 JavaThread "H2 File Lock Watchdog C:/Users/Alex/AppData/Local/Temp/testDB3891763015767437101/testDummy.lock.db" daemon [_thread_blocked, id=2968, stack(0x000000000c080000,0x000000000c180000)]
  0x0000000011b49000 JavaThread "H2 File Lock Watchdog C:/Users/Alex/AppData/Local/Temp/testDB3891763015767437101/testDummy.lock.db" daemon [_thread_blocked, id=6324, stack(0x000000000c820000,0x000000000c920000)]
  0x000000000b888800 JavaThread "Service Thread" daemon [_thread_blocked, id=5340, stack(0x000000000c6f0000,0x000000000c7f0000)]
=>0x000000000b781800 JavaThread "C2 CompilerThread1" daemon [_thread_in_native, id=8436, stack(0x000000000c5a0000,0x000000000c6a0000)]
  0x000000000b75c800 JavaThread "C2 CompilerThread0" daemon [_thread_blocked, id=4004, stack(0x000000000c3f0000,0x000000000c4f0000)]
  0x000000000b72f000 JavaThread "Attach Listener" daemon [_thread_blocked, id=8208, stack(0x000000000bcb0000,0x000000000bdb0000)]
  0x000000000b72e800 JavaThread "Signal Dispatcher" daemon [_thread_blocked, id=8152, stack(0x000000000bae0000,0x000000000bbe0000)]
  0x00000000096ea800 JavaThread "Finalizer" daemon [_thread_blocked, id=4248, stack(0x000000000b5e0000,0x000000000b6e0000)]
  0x00000000096e1000 JavaThread "Reference Handler" daemon [_thread_blocked, id=9992, stack(0x000000000b4c0000,0x000000000b5c0000)]
  0x000000000241e000 JavaThread "main" [_thread_in_Java, id=7796, stack(0x0000000002660000,0x0000000002760000)]

Other Threads:
  0x00000000096db000 VMThread [stack: 0x000000000b330000,0x000000000b430000] [id=3620]
  0x000000000b784800 WatcherThread [stack: 0x000000000c950000,0x000000000ca50000] [id=5532]

VM state:not at safepoint (normal execution)

VM Mutex/Monitor currently owned by a thread: None

Heap
 PSYoungGen      total 35072K, used 29885K [0x00000000eaeb0000, 0x00000000ed390000, 0x0000000100000000)
  eden space 32384K, 84% used [0x00000000eaeb0000,0x00000000ec9412b0,0x00000000ece50000)
  from space 2688K, 99% used [0x00000000ece50000,0x00000000ed0ee450,0x00000000ed0f0000)
  to   space 2688K, 0% used [0x00000000ed0f0000,0x00000000ed0f0000,0x00000000ed390000)
 ParOldGen       total 43200K, used 138K [0x00000000c0c00000, 0x00000000c3630000, 0x00000000eaeb0000)
  object space 43200K, 0% used [0x00000000c0c00000,0x00000000c0c22bb0,0x00000000c3630000)
 PSPermGen       total 21248K, used 11176K [0x00000000bba00000, 0x00000000bcec0000, 0x00000000c0c00000)
  object space 21248K, 52% used [0x00000000bba00000,0x00000000bc4ea250,0x00000000bcec0000)

Card table byte_map: [0x0000000005860000,0x0000000005a90000] byte_map_base: 0x0000000005283000

Polling page: 0x0000000000370000

Code Cache  [0x0000000002860000, 0x0000000002ad0000, 0x0000000005860000)
 total_blobs=554 nmethods=257 adapters=247 free_code_cache=47822Kb largest_free_block=48940160

Compilation events (10 events):
Event: 2.164 Thread 0x000000000b75c800  254             org.jacoco.agent.rt_plkeqq.core.internal.instr.MethodInstrumenter::visitInsnWithProbe (21 bytes)
Event: 2.166 Thread 0x000000000b75c800 nmethod 254 0x00000000029b0650 code [0x00000000029b07a0, 0x00000000029b08a8]
Event: 2.184 Thread 0x000000000b75c800  255             java.util.ArrayList::ensureCapacityInternal (26 bytes)
Event: 2.187 Thread 0x000000000b75c800 nmethod 255 0x00000000029b00d0 code [0x00000000029b0220, 0x00000000029b0468]
Event: 2.193 Thread 0x000000000b75c800  256             sun.reflect.ClassFileAssembler::emitByte (11 bytes)
Event: 2.196 Thread 0x000000000b75c800 nmethod 256 0x00000000029afcd0 code [0x00000000029afe20, 0x00000000029aff48]
Event: 2.196 Thread 0x000000000b75c800  257             sun.reflect.ByteVectorImpl::add (38 bytes)
Event: 2.197 Thread 0x000000000b75c800 nmethod 257 0x00000000029af990 code [0x00000000029afae0, 0x00000000029afbc8]
Event: 2.198 Thread 0x000000000b75c800  258             org.h2.message.TraceSystem::$jacocoInit (53 bytes)
Event: 2.198 Thread 0x000000000b75c800 nmethod 258 0x00000000029af790 code [0x00000000029af8c0, 0x00000000029af918]

GC Heap History (6 events):
Event: 0.637 GC heap before
{Heap before GC invocations=1 (full 0):
 PSYoungGen      total 18880K, used 16192K [0x00000000eaeb0000, 0x00000000ec3c0000, 0x0000000100000000)
  eden space 16192K, 100% used [0x00000000eaeb0000,0x00000000ebe80000,0x00000000ebe80000)
  from space 2688K, 0% used [0x00000000ec120000,0x00000000ec120000,0x00000000ec3c0000)
  to   space 2688K, 0% used [0x00000000ebe80000,0x00000000ebe80000,0x00000000ec120000)
 ParOldGen       total 43200K, used 0K [0x00000000c0c00000, 0x00000000c3630000, 0x00000000eaeb0000)
  object space 43200K, 0% used [0x00000000c0c00000,0x00000000c0c00000,0x00000000c3630000)
 PSPermGen       total 21248K, used 4903K [0x00000000bba00000, 0x00000000bcec0000, 0x00000000c0c00000)
  object space 21248K, 23% used [0x00000000bba00000,0x00000000bbec9fb8,0x00000000bcec0000)
Event: 0.666 GC heap after
Heap after GC invocations=1 (full 0):
 PSYoungGen      total 18880K, used 1674K [0x00000000eaeb0000, 0x00000000ed390000, 0x0000000100000000)
  eden space 16192K, 0% used [0x00000000eaeb0000,0x00000000eaeb0000,0x00000000ebe80000)
  from space 2688K, 62% used [0x00000000ebe80000,0x00000000ec022af8,0x00000000ec120000)
  to   space 2688K, 0% used [0x00000000ed0f0000,0x00000000ed0f0000,0x00000000ed390000)
 ParOldGen       total 43200K, used 8K [0x00000000c0c00000, 0x00000000c3630000, 0x00000000eaeb0000)
  object space 43200K, 0% used [0x00000000c0c00000,0x00000000c0c02000,0x00000000c3630000)
 PSPermGen       total 21248K, used 4903K [0x00000000bba00000, 0x00000000bcec0000, 0x00000000c0c00000)
  object space 21248K, 23% used [0x00000000bba00000,0x00000000bbec9fb8,0x00000000bcec0000)
}
Event: 1.115 GC heap before
{Heap before GC invocations=2 (full 0):
 PSYoungGen      total 18880K, used 17866K [0x00000000eaeb0000, 0x00000000ed390000, 0x0000000100000000)
  eden space 16192K, 100% used [0x00000000eaeb0000,0x00000000ebe80000,0x00000000ebe80000)
  from space 2688K, 62% used [0x00000000ebe80000,0x00000000ec022af8,0x00000000ec120000)
  to   space 2688K, 0% used [0x00000000ed0f0000,0x00000000ed0f0000,0x00000000ed390000)
 ParOldGen       total 43200K, used 8K [0x00000000c0c00000, 0x00000000c3630000, 0x00000000eaeb0000)
  object space 43200K, 0% used [0x00000000c0c00000,0x00000000c0c02000,0x00000000c3630000)
 PSPermGen       total 21248K, used 7520K [0x00000000bba00000, 0x00000000bcec0000, 0x00000000c0c00000)
  object space 21248K, 35% used [0x00000000bba00000,0x00000000bc1580d0,0x00000000bcec0000)
Event: 1.118 GC heap after
Heap after GC invocations=2 (full 0):
 PSYoungGen      total 35072K, used 1832K [0x00000000eaeb0000, 0x00000000ed390000, 0x0000000100000000)
  eden space 32384K, 0% used [0x00000000eaeb0000,0x00000000eaeb0000,0x00000000ece50000)
  from space 2688K, 68% used [0x00000000ed0f0000,0x00000000ed2ba360,0x00000000ed390000)
  to   space 2688K, 0% used [0x00000000ece50000,0x00000000ece50000,0x00000000ed0f0000)
 ParOldGen       total 43200K, used 16K [0x00000000c0c00000, 0x00000000c3630000, 0x00000000eaeb0000)
  object space 43200K, 0% used [0x00000000c0c00000,0x00000000c0c04000,0x00000000c3630000)
 PSPermGen       total 21248K, used 7520K [0x00000000bba00000, 0x00000000bcec0000, 0x00000000c0c00000)
  object space 21248K, 35% used [0x00000000bba00000,0x00000000bc1580d0,0x00000000bcec0000)
}
Event: 1.640 GC heap before
{Heap before GC invocations=3 (full 0):
 PSYoungGen      total 35072K, used 34216K [0x00000000eaeb0000, 0x00000000ed390000, 0x0000000100000000)
  eden space 32384K, 100% used [0x00000000eaeb0000,0x00000000ece50000,0x00000000ece50000)
  from space 2688K, 68% used [0x00000000ed0f0000,0x00000000ed2ba360,0x00000000ed390000)
  to   space 2688K, 0% used [0x00000000ece50000,0x00000000ece50000,0x00000000ed0f0000)
 ParOldGen       total 43200K, used 16K [0x00000000c0c00000, 0x00000000c3630000, 0x00000000eaeb0000)
  object space 43200K, 0% used [0x00000000c0c00000,0x00000000c0c04000,0x00000000c3630000)
 PSPermGen       total 21248K, used 9502K [0x00000000bba00000, 0x00000000bcec0000, 0x00000000c0c00000)
  object space 21248K, 44% used [0x00000000bba00000,0x00000000bc347980,0x00000000bcec0000)
Event: 1.644 GC heap after
Heap after GC invocations=3 (full 0):
 PSYoungGen      total 35072K, used 2681K [0x00000000eaeb0000, 0x00000000ed390000, 0x0000000100000000)
  eden space 32384K, 0% used [0x00000000eaeb0000,0x00000000eaeb0000,0x00000000ece50000)
  from space 2688K, 99% used [0x00000000ece50000,0x00000000ed0ee450,0x00000000ed0f0000)
  to   space 2688K, 0% used [0x00000000ed0f0000,0x00000000ed0f0000,0x00000000ed390000)
 ParOldGen       total 43200K, used 138K [0x00000000c0c00000, 0x00000000c3630000, 0x00000000eaeb0000)
  object space 43200K, 0% used [0x00000000c0c00000,0x00000000c0c22bb0,0x00000000c3630000)
 PSPermGen       total 21248K, used 9502K [0x00000000bba00000, 0x00000000bcec0000, 0x00000000c0c00000)
  object space 21248K, 44% used [0x00000000bba00000,0x00000000bc347980,0x00000000bcec0000)
}

Deoptimization events (10 events):
Event: 1.105 Thread 0x000000000241e000 Uncommon trap -83 fr.pc 0x00000000028f98d4
Event: 1.548 Thread 0x000000000241e000 Uncommon trap -34 fr.pc 0x000000000290c7d8
Event: 1.548 Thread 0x000000000241e000 Uncommon trap -34 fr.pc 0x000000000290c7d8
Event: 1.550 Thread 0x000000000241e000 Uncommon trap -34 fr.pc 0x000000000290c7d8
Event: 1.550 Thread 0x000000000241e000 Uncommon trap -34 fr.pc 0x000000000290c7d8
Event: 1.875 Thread 0x000000000241e000 Uncommon trap -12 fr.pc 0x00000000028c4a68
Event: 2.179 Thread 0x000000000241e000 Uncommon trap -58 fr.pc 0x0000000002954a9c
Event: 2.179 Thread 0x000000000241e000 Uncommon trap -58 fr.pc 0x0000000002954a60
Event: 2.179 Thread 0x000000000241e000 Uncommon trap -58 fr.pc 0x0000000002954a9c
Event: 2.179 Thread 0x000000000241e000 Uncommon trap -58 fr.pc 0x0000000002954a9c

Internal exceptions (10 events):
Event: 2.143 Thread 0x000000000241e000 Threw 0x00000000ec7916d0 at C:\jdk7u2_64p\jdk7u17\hotspot\src\share\vm\runtime\reflection.cpp:1039
Event: 2.152 Thread 0x000000000241e000 Threw 0x00000000ec7d1940 at C:\jdk7u2_64p\jdk7u17\hotspot\src\share\vm\prims\jvm.cpp:1166
Event: 2.164 Thread 0x000000000241e000 Threw 0x00000000ec833578 at C:\jdk7u2_64p\jdk7u17\hotspot\src\share\vm\prims\jvm.cpp:1166
Event: 2.165 Thread 0x000000000241e000 Threw 0x00000000ec844728 at C:\jdk7u2_64p\jdk7u17\hotspot\src\share\vm\prims\jvm.cpp:1166
Event: 2.167 Thread 0x000000000241e000 Threw 0x00000000ec8547d0 at C:\jdk7u2_64p\jdk7u17\hotspot\src\share\vm\prims\jvm.cpp:1166
Event: 2.170 Thread 0x000000000241e000 Threw 0x00000000ec867a60 at C:\jdk7u2_64p\jdk7u17\hotspot\src\share\vm\prims\jvm.cpp:1166
Event: 2.172 Thread 0x000000000241e000 Threw 0x00000000ec87e4a8 at C:\jdk7u2_64p\jdk7u17\hotspot\src\share\vm\prims\jvm.cpp:1166
Event: 2.175 Thread 0x000000000241e000 Threw 0x00000000ec88ff30 at C:\jdk7u2_64p\jdk7u17\hotspot\src\share\vm\prims\jvm.cpp:1166
Event: 2.178 Thread 0x000000000241e000 Threw 0x00000000ec8c04f0 at C:\jdk7u2_64p\jdk7u17\hotspot\src\share\vm\prims\jvm.cpp:1166
Event: 2.180 Thread 0x000000000241e000 Threw 0x00000000ec8cfb30 at C:\jdk7u2_64p\jdk7u17\hotspot\src\share\vm\prims\jvm.cpp:1166

Events (10 events):
Event: 2.179 Thread 0x000000000241e000 DEOPT PACKING pc=0x0000000002954a9c sp=0x000000000275ad10
Event: 2.179 Thread 0x000000000241e000 DEOPT UNPACKING pc=0x0000000002899164 sp=0x000000000275ac48 mode 2
Event: 2.179 Thread 0x000000000241e000 DEOPT PACKING pc=0x0000000002954a60 sp=0x000000000275ac70
Event: 2.179 Thread 0x000000000241e000 DEOPT UNPACKING pc=0x0000000002899164 sp=0x000000000275ac28 mode 2
Event: 2.179 Thread 0x000000000241e000 DEOPT PACKING pc=0x0000000002954a9c sp=0x000000000275ad10
Event: 2.179 Thread 0x000000000241e000 DEOPT UNPACKING pc=0x0000000002899164 sp=0x000000000275ac48 mode 2
Event: 2.180 Thread 0x000000000241e000 DEOPT PACKING pc=0x0000000002954a9c sp=0x000000000275ad10
Event: 2.180 Thread 0x000000000241e000 DEOPT UNPACKING pc=0x0000000002899164 sp=0x000000000275ac48 mode 2
Event: 2.180 loading class 0x000000000dc07bd0
Event: 2.180 loading class 0x000000000dc07bd0 done


Dynamic libraries:
0x000000013f180000 - 0x000000013f1b3000 	C:\Program Files\Java\jdk1.7.0_17\jre\bin\java.exe
0x0000000077560000 - 0x0000000077709000 	C:\Windows\SYSTEM32\ntdll.dll
0x0000000070bd0000 - 0x0000000070c1e000 	C:\Program Files\AVAST Software\Avast\snxhk64.dll
0x0000000077440000 - 0x000000007755f000 	C:\Windows\system32\KERNEL32.dll
0x000007fefd6c0000 - 0x000007fefd72b000 	C:\Windows\system32\KERNELBASE.dll
0x000007fefef90000 - 0x000007feff06b000 	C:\Windows\system32\ADVAPI32.dll
0x000007fefdda0000 - 0x000007fefde3f000 	C:\Windows\system32\msvcrt.dll
0x000007fefef70000 - 0x000007fefef8f000 	C:\Windows\SYSTEM32\sechost.dll
0x000007fefdc70000 - 0x000007fefdd9d000 	C:\Windows\system32\RPCRT4.dll
0x0000000077340000 - 0x000000007743a000 	C:\Windows\system32\USER32.dll
0x000007fefd7f0000 - 0x000007fefd857000 	C:\Windows\system32\GDI32.dll
0x000007feff460000 - 0x000007feff46e000 	C:\Windows\system32\LPK.dll
0x000007fefdba0000 - 0x000007fefdc69000 	C:\Windows\system32\USP10.dll
0x000007fefbc90000 - 0x000007fefbe84000 	C:\Windows\WinSxS\amd64_microsoft.windows.common-controls_6595b64144ccf1df_6.0.7601.17514_none_fa396087175ac9ac\COMCTL32.dll
0x000007fefd770000 - 0x000007fefd7e1000 	C:\Windows\system32\SHLWAPI.dll
0x000007fefdb70000 - 0x000007fefdb9e000 	C:\Windows\system32\IMM32.DLL
0x000007fefee60000 - 0x000007fefef69000 	C:\Windows\system32\MSCTF.dll
0x0000000055340000 - 0x0000000055411000 	C:\Program Files\Java\jdk1.7.0_17\jre\bin\msvcr100.dll
0x00000000564d0000 - 0x0000000056bef000 	C:\Program Files\Java\jdk1.7.0_17\jre\bin\server\jvm.dll
0x000007fefa7d0000 - 0x000007fefa7d9000 	C:\Windows\system32\WSOCK32.dll
0x000007feff6e0000 - 0x000007feff72d000 	C:\Windows\system32\WS2_32.dll
0x000007feff6d0000 - 0x000007feff6d8000 	C:\Windows\system32\NSI.dll
0x000007fefb470000 - 0x000007fefb4ab000 	C:\Windows\system32\WINMM.dll
0x0000000077730000 - 0x0000000077737000 	C:\Windows\system32\PSAPI.DLL
0x0000000072250000 - 0x000000007225f000 	C:\Program Files\Java\jdk1.7.0_17\jre\bin\verify.dll
0x0000000072220000 - 0x0000000072248000 	C:\Program Files\Java\jdk1.7.0_17\jre\bin\java.dll
0x000000006c0b0000 - 0x000000006c0d3000 	C:\Program Files\Java\jdk1.7.0_17\jre\bin\instrument.dll
0x0000000071d20000 - 0x0000000071d35000 	C:\Program Files\Java\jdk1.7.0_17\jre\bin\zip.dll
0x0000000066990000 - 0x00000000669a9000 	C:\Program Files\Java\jdk1.7.0_17\jre\bin\net.dll
0x000007fefcbb0000 - 0x000007fefcc05000 	C:\Windows\system32\mswsock.dll
0x000007fefcba0000 - 0x000007fefcba7000 	C:\Windows\System32\wship6.dll
0x000007fefadf0000 - 0x000007fefae05000 	C:\Windows\system32\NLAapi.dll
0x000007fef88b0000 - 0x000007fef88c5000 	C:\Windows\system32\napinsp.dll
0x000007fef8890000 - 0x000007fef88a9000 	C:\Windows\system32\pnrpnsp.dll
0x000007fefca30000 - 0x000007fefca8b000 	C:\Windows\system32\DNSAPI.dll
0x000007fef8880000 - 0x000007fef888b000 	C:\Windows\System32\winrnr.dll
0x000007fef87e0000 - 0x000007fef87f0000 	C:\Windows\system32\wshbth.dll
0x000007fefc440000 - 0x000007fefc447000 	C:\Windows\System32\wshtcpip.dll
0x000007fefa510000 - 0x000007fefa537000 	C:\Windows\system32\IPHLPAPI.DLL
0x000007fefa500000 - 0x000007fefa50b000 	C:\Windows\system32\WINNSI.DLL
0x000007fef86e0000 - 0x000007fef86e8000 	C:\Windows\system32\rasadhlp.dll
0x000007fefa380000 - 0x000007fefa3d3000 	C:\Windows\System32\fwpuclnt.dll
0x0000000066970000 - 0x0000000066981000 	C:\Program Files\Java\jdk1.7.0_17\jre\bin\nio.dll
0x000007fefcc10000 - 0x000007fefcc27000 	C:\Windows\system32\CRYPTSP.dll
0x000007fefc910000 - 0x000007fefc957000 	C:\Windows\system32\rsaenh.dll
0x000007fefc680000 - 0x000007fefc69e000 	C:\Windows\system32\USERENV.dll
0x000007fefd340000 - 0x000007fefd34f000 	C:\Windows\system32\profapi.dll
0x000007fefd270000 - 0x000007fefd27f000 	C:\Windows\system32\CRYPTBASE.dll

VM Arguments:
jvm_args: -javaagent:C:\Users\Alex\AppData\Local\Temp\jacocoagent6763619981778741143.jar=destfile=target/jacoco.exec,excludes=*_javassist_* 
java_command: C:\Users\Alex\workspace\Commons\target\surefire\surefirebooter6684257109233047711.jar C:\Users\Alex\workspace\Commons\target\surefire\surefire2160126087381990490tmp C:\Users\Alex\workspace\Commons\target\surefire\surefire1409996193115741011tmp
Launcher Type: SUN_STANDARD

Environment Variables:
JAVA_HOME=C:\Program Files\Java\jdk1.7.0_17
PATH=C:/Program Files/Java/jdk1.7.0_17/bin/../jre/bin/server;C:/Program Files/Java/jdk1.7.0_17/bin/../jre/bin;C:/Program Files/Java/jdk1.7.0_17/bin/../jre/lib/amd64;C:\Program Files (x86)\NVIDIA Corporation\PhysX\Common;C:\Windows\system32;C:\Windows;C:\Windows\System32\Wbem;C:\Program Files\WIDCOMM\Bluetooth Software\;C:\Program Files\WIDCOMM\Bluetooth Software\syswow64;C:\Windows\System32\WindowsPowerShell\v1.0\;C:\Program Files\MySQL\MySQL Server 5.5\bin;C:\Program Files\TortoiseSVN\bin;C:\Program Files (x86)\PuTTY;C:\Program Files\apache-maven-3.0.5\bin;C:\Program Files\Java\jdk1.7.0_17\bin;C:\Windows\System32\WindowsPowerShell\v1.0\;C:\Ruby193\bin;C:\Program Files\eclipse;
USERNAME=Alex
OS=Windows_NT
PROCESSOR_IDENTIFIER=Intel64 Family 6 Model 42 Stepping 7, GenuineIntel



---------------  S Y S T E M  ---------------

OS: Windows 7 , 64 bit Build 7601 Service Pack 1

CPU:total 8 (4 cores per cpu, 2 threads per core) family 6 model 42 stepping 7, cmov, cx8, fxsr, mmx, sse, sse2, sse3, ssse3, sse4.1, sse4.2, popcnt, avx, ht, tsc, tscinvbit

Memory: 4k page, physical 4143472k(224772k free), swap 7195800k(4712k free)

vm_info: Java HotSpot(TM) 64-Bit Server VM (23.7-b01) for windows-amd64 JRE (1.7.0_17-b02), built on Mar  1 2013 03:38:30 by "java_re" with unknown MS VC++:1600

time: Sun Oct 27 02:30:20 2013
elapsed time: 2 seconds

